5
5
5
5
5
5
5
5
5
5
5
5
5
5
5
5
5
5
5
5
5
5
5
5
5
5
5
5
5
5
5
5
5
5
now: 2019-8-30 10:17:48 : 5
now: 2019-8-30 10:17:48 : 5
now: 2019-8-30 10:17:48 : 5
now: 2019-8-30 10:17:48 : 5
now: 2019-8-30 10:17:48 : 5
now: 2019-8-30 10:17:48 : 5
now: 2019-8-30 10:17:48 : 5
now: 2019-8-30 10:17:48 : 5
now: 2019-8-30 10:17:48 : 5
now: 2019-8-30 10:17:48 : 5
now: 2019-8-30 10:17:48 : 5
now: 2019-8-30 10:17:48 : 5
now: 2019-8-30 10:17:48 : 5
now: 2019-8-30 10:17:48 : 5
now: 2019-8-30 10:17:48 : 5
now: 2019-8-30 10:17:48 : 5
now: 2019-8-30 10:17:48 : 5
now: 2019-8-30 10:17:48 : 5
now: 2019-8-30 10:17:48 : 5
now: 2019-8-30 10:17:48 : 5
now: 2019-8-30 10:17:49 : 5
now: 2019-8-30 10:17:49 : 5
now: 2019-8-30 10:17:49 : 5
now: 2019-8-30 10:17:49 : 5
now: 2019-8-30 10:17:49 : 5
now: 2019-8-30 10:17:49 : 5
now: 2019-8-30 10:17:49 : 5
now: 2019-8-30 10:17:49 : 5
now: 2019-8-30 10:17:49 : 5
now: 2019-8-30 10:17:49 : 5
now: 2019-8-30 10:17:49 : 5
now: 2019-8-30 10:17:49 : 5
now: 2019-8-30 10:17:49 : 5
now: 2019-8-30 10:17:49 : 5
2019-8-30 10:19:4 : 5
2019-8-30 10:19:4 : 5
2019-8-30 10:19:4 : 5
2019-8-30 10:19:5 : 5
2019-8-30 10:19:5 : 5
2019-8-30 10:19:5 : 5
2019-8-30 10:19:5 : 5
2019-8-30 10:19:5 : 5
2019-8-30 10:19:5 : 5
2019-8-30 10:19:5 : 5
2019-8-30 10:19:5 : 5
2019-8-30 10:19:5 : 5
2019-8-30 10:19:5 : 5
2019-8-30 10:19:5 : 5
2019-8-30 10:19:5 : 5
2019-8-30 10:19:5 : 5
2019-8-30 10:19:5 : 5
2019-8-30 10:19:5 : 5
2019-8-30 10:19:5 : 5
2019-8-30 10:19:5 : 5
2019-8-30 10:19:5 : 5
2019-8-30 10:19:5 : 5
2019-8-30 10:19:5 : 5
2019-8-30 10:19:5 : 5
2019-8-30 10:19:6 : 5
2019-8-30 10:19:6 : 5
2019-8-30 10:19:6 : 5
2019-8-30 10:19:6 : 5
2019-8-30 10:19:6 : 5
2019-8-30 10:19:6 : 5
2019-8-30 10:19:6 : 5
2019-8-30 10:19:6 : 5
2019-8-30 10:19:6 : 5
2019-8-30 10:19:6 : 5
2019-8-30 10:21:37 : 5
2019-8-30 10:21:37 : 5
2019-8-30 10:21:37 : 5
2019-8-30 10:21:38 : 5
2019-8-30 10:21:38 : 5
2019-8-30 10:21:38 : 5
2019-8-30 10:21:38 : 5
2019-8-30 10:21:38 : 5
2019-8-30 10:21:38 : 5
2019-8-30 10:21:38 : 5
2019-8-30 10:21:38 : 5
2019-8-30 10:21:38 : 5
2019-8-30 10:21:38 : 5
2019-8-30 10:21:38 : 5
2019-8-30 10:21:38 : 5
2019-8-30 10:21:38 : 5
2019-8-30 10:21:38 : 5
2019-8-30 10:21:38 : 5
2019-8-30 10:21:38 : 5
2019-8-30 10:21:38 : 5
2019-8-30 10:21:38 : 5
2019-8-30 10:21:38 : 5
2019-8-30 10:21:38 : 5
2019-8-30 10:21:38 : 5
2019-8-30 10:21:39 : 5
2019-8-30 10:21:39 : 5
2019-8-30 10:21:39 : 5
2019-8-30 10:21:39 : 5
2019-8-30 10:21:39 : 5
2019-8-30 10:21:39 : 5
2019-8-30 10:21:39 : 5
2019-8-30 10:21:39 : 5
2019-8-30 10:21:39 : 5
2019-8-30 10:21:39 : 5
2019-8-30 10:27:36 : 5
2019-8-30 10:27:36 : 5
2019-8-30 10:27:36 : 5
2019-8-30 10:27:36 : 5
2019-8-30 10:27:36 : 5
2019-8-30 10:27:36 : 5
2019-8-30 10:27:36 : 5
2019-8-30 10:27:36 : 5
2019-8-30 10:27:36 : 5
2019-8-30 10:27:36 : 5
2019-8-30 10:27:36 : 5
2019-8-30 10:27:36 : 5
2019-8-30 10:27:36 : 5
2019-8-30 10:27:36 : 5
2019-8-30 10:27:36 : 5
2019-8-30 10:27:36 : 5
2019-8-30 10:27:36 : 5
2019-8-30 10:27:36 : 5
2019-8-30 10:27:36 : 5
2019-8-30 10:27:36 : 5
2019-8-30 10:27:36 : 5
2019-8-30 10:27:36 : 5
2019-8-30 10:27:36 : 5
2019-8-30 10:27:37 : 5
2019-8-30 10:27:37 : 5
2019-8-30 10:27:37 : 5
2019-8-30 10:27:37 : 5
2019-8-30 10:27:37 : 5
2019-8-30 10:27:37 : 5
2019-8-30 10:27:37 : 5
2019-8-30 10:27:37 : 5
2019-8-30 10:27:37 : 5
2019-8-30 10:27:37 : 5
2019-8-30 10:27:37 : 5
2019-8-30 10:27:41 :: 5
2019-8-30 10:27:41 :: 5
2019-8-30 10:27:41 :: 5
2019-8-30 10:27:41 :: 5
2019-8-30 10:27:41 :: 5
2019-8-30 10:27:41 :: 5
2019-8-30 10:27:41 :: 5
2019-8-30 10:27:41 :: 5
2019-8-30 10:27:41 :: 5
2019-8-30 10:27:41 :: 5
2019-8-30 10:27:41 :: 5
2019-8-30 10:27:41 :: 5
2019-8-30 10:27:41 :: 5
2019-8-30 10:27:41 :: 5
2019-8-30 10:27:41 :: 5
2019-8-30 10:27:41 :: 5
2019-8-30 10:27:41 :: 5
2019-8-30 10:27:41 :: 5
2019-8-30 10:27:42 :: 5
2019-8-30 10:27:42 :: 5
2019-8-30 10:27:42 :: 5
2019-8-30 10:27:42 :: 5
2019-8-30 10:27:42 :: 5
2019-8-30 10:27:42 :: 5
2019-8-30 10:27:42 :: 5
2019-8-30 10:27:42 :: 5
2019-8-30 10:27:42 :: 5
2019-8-30 10:27:42 :: 5
2019-8-30 10:27:42 :: 5
2019-8-30 10:27:42 :: 5
2019-8-30 10:27:42 :: 5
2019-8-30 10:27:42 :: 5
2019-8-30 10:27:42 :: 5
2019-8-30 10:27:42 :: 5
2019-8-30 10:28:27 :: 5
2019-8-30 10:28:27 :: 5
2019-8-30 10:28:27 :: 5
2019-8-30 10:28:27 :: 5
2019-8-30 10:28:27 :: 5
2019-8-30 10:28:27 :: 5
2019-8-30 10:28:28 :: 5
2019-8-30 10:28:28 :: 5
2019-8-30 10:28:28 :: 5
2019-8-30 10:28:28 :: 5
2019-8-30 10:28:28 :: 5
2019-8-30 10:28:28 :: 5
2019-8-30 10:28:28 :: 5
2019-8-30 10:28:28 :: 5
2019-8-30 10:28:28 :: 5
2019-8-30 10:28:28 :: 5
2019-8-30 10:28:28 :: 5
2019-8-30 10:28:28 :: 5
2019-8-30 10:28:28 :: 5
2019-8-30 10:28:28 :: 5
2019-8-30 10:28:28 :: 5
2019-8-30 10:28:28 :: 5
2019-8-30 10:28:28 :: 5
2019-8-30 10:28:28 :: 5
2019-8-30 10:28:28 :: 5
2019-8-30 10:28:28 :: 5
2019-8-30 10:28:29 :: 5
2019-8-30 10:28:29 :: 5
2019-8-30 10:28:29 :: 5
2019-8-30 10:28:29 :: 5
2019-8-30 10:28:29 :: 5
2019-8-30 10:28:29 :: 5
2019-8-30 10:28:29 :: 5
2019-8-30 10:28:29 :: 5
2019-8-30 10:41:3 :: !Error! no input files
2019-8-30 10:41:34 :: 5
2019-8-30 10:41:34 :: 5
2019-8-30 10:41:34 :: 5
2019-8-30 10:41:34 :: 5
2019-8-30 10:41:34 :: 5
2019-8-30 10:41:34 :: 5
2019-8-30 10:41:34 :: 5
2019-8-30 10:41:34 :: 5
2019-8-30 10:41:34 :: 5
2019-8-30 10:41:34 :: 5
2019-8-30 10:41:34 :: 5
2019-8-30 10:41:34 :: 5
2019-8-30 10:41:34 :: 5
2019-8-30 10:41:34 :: 5
2019-8-30 10:41:35 :: 5
2019-8-30 10:41:35 :: 5
2019-8-30 10:41:35 :: 5
2019-8-30 10:41:35 :: 5
2019-8-30 10:41:35 :: 5
2019-8-30 10:41:35 :: 5
2019-8-30 10:41:35 :: 5
2019-8-30 10:41:35 :: 5
2019-8-30 10:41:35 :: 5
2019-8-30 10:41:35 :: 5
2019-8-30 10:41:35 :: 5
2019-8-30 10:41:35 :: 5
2019-8-30 10:41:35 :: 5
2019-8-30 10:41:35 :: 5
2019-8-30 10:41:35 :: 5
2019-8-30 10:41:35 :: 5
2019-8-30 10:41:35 :: 5
2019-8-30 10:41:35 :: 5
2019-8-30 10:41:35 :: 5
2019-8-30 10:41:35 :: 5
2019-8-30 10:45:12 :: !Error! no input files
2019-8-30 10:53:28 :: 5
2019-8-30 10:53:28 :: 5
2019-8-30 10:53:28 :: 5
2019-8-30 10:53:28 :: 5
2019-8-30 10:53:29 :: 5
2019-8-30 10:53:29 :: 5
2019-8-30 10:53:29 :: 5
2019-8-30 10:53:29 :: 5
2019-8-30 10:53:29 :: 5
2019-8-30 10:53:29 :: 5
2019-8-30 10:53:29 :: 5
2019-8-30 10:53:29 :: 5
2019-8-30 10:53:29 :: 5
2019-8-30 10:53:29 :: 5
2019-8-30 10:53:29 :: 5
2019-8-30 10:53:29 :: 5
2019-8-30 10:53:29 :: 5
2019-8-30 10:53:29 :: 5
2019-8-30 10:53:29 :: 5
2019-8-30 10:53:29 :: 5
2019-8-30 10:53:29 :: 5
2019-8-30 10:53:29 :: 5
2019-8-30 10:53:29 :: 5
2019-8-30 10:53:29 :: 5
2019-8-30 10:53:29 :: 5
2019-8-30 10:53:29 :: 5
2019-8-30 10:53:30 :: 5
2019-8-30 10:53:30 :: 5
2019-8-30 10:53:30 :: 5
2019-8-30 10:53:30 :: 5
2019-8-30 10:53:30 :: 5
2019-8-30 10:53:30 :: 5
2019-8-30 10:53:30 :: 5
2019-8-30 10:53:30 :: 5
2019-8-30 11:20:29 :: 5
2019-8-30 11:20:29 :: 5
2019-8-30 11:20:29 :: 5
2019-8-30 11:20:30 :: 5
2019-8-30 11:20:30 :: 5
2019-8-30 11:20:30 :: 5
2019-8-30 11:20:30 :: 5
2019-8-30 11:20:30 :: 5
2019-8-30 11:20:30 :: 5
2019-8-30 11:20:30 :: 5
2019-8-30 11:20:30 :: 5
2019-8-30 11:20:30 :: 5
2019-8-30 11:20:30 :: 5
2019-8-30 11:20:30 :: 5
2019-8-30 11:20:30 :: 5
2019-8-30 11:20:30 :: 5
2019-8-30 11:20:30 :: 5
2019-8-30 11:20:30 :: 5
2019-8-30 11:20:30 :: 5
2019-8-30 11:20:30 :: 5
2019-8-30 11:20:30 :: 5
2019-8-30 11:20:30 :: 5
2019-8-30 11:20:30 :: 5
2019-8-30 11:20:30 :: 5
2019-8-30 11:20:30 :: 5
2019-8-30 11:20:30 :: 5
2019-8-30 11:20:30 :: 5
2019-8-30 11:20:30 :: 5
2019-8-30 11:20:31 :: 5
2019-8-30 11:20:31 :: 5
2019-8-30 11:20:31 :: 5
2019-8-30 11:20:31 :: 5
2019-8-30 11:20:31 :: 5
2019-8-30 11:20:31 :: 5
2019-8-30 11:20:40 :: 7
2019-8-30 11:20:40 :: 7
2019-8-30 11:20:40 :: 7
2019-8-30 11:21:29 :: 7
2019-8-30 11:21:35 :: 7
2019-8-30 11:21:41 :: 7
2019-8-30 11:22:34 :: 7
2019-8-30 11:22:35 :: 7
2019-8-30 11:22:35 :: 7
2019-8-30 11:23:18 :: 7
2019-8-30 11:23:18 :: 7
2019-8-30 11:23:18 :: 7
2019-8-30 12:15:41 :: 7
2019-8-30 12:15:41 :: 7
2019-8-30 12:15:41 :: 7
2019-8-30 12:15:47 :: 7
2019-8-30 12:15:47 :: 7
2019-8-30 12:15:47 :: 7
2019-8-30 12:15:49 :: 7
2019-8-30 12:15:49 :: 7
2019-8-30 12:15:50 :: 7
2019-8-30 12:15:52 :: 7
2019-8-30 12:15:52 :: 7
2019-8-30 12:15:52 :: 7
2019-8-30 12:17:26 :: 7
2019-8-30 12:17:26 :: 7
2019-8-30 12:17:26 :: 7
2019-8-30 12:17:34 :: 7
2019-8-30 12:17:34 :: 7
2019-8-30 12:17:34 :: 7
2019-8-30 12:17:54 :: 7
2019-8-30 12:17:55 :: 7
2019-8-30 12:17:55 :: 7
2019-8-30 12:18:16 :: 7
2019-8-30 12:18:17 :: 7
2019-8-30 12:18:17 :: 7
2019-8-30 12:18:26 :: 5
2019-8-30 12:18:26 :: 5
2019-8-30 12:18:26 :: 5
2019-8-30 12:18:26 :: 5
2019-8-30 12:18:26 :: 5
2019-8-30 12:18:26 :: 5
2019-8-30 12:18:26 :: 5
2019-8-30 12:18:26 :: 5
2019-8-30 12:18:26 :: 5
2019-8-30 12:18:27 :: 5
2019-8-30 12:18:27 :: 5
2019-8-30 12:18:27 :: 5
2019-8-30 12:18:27 :: 5
2019-8-30 12:18:27 :: 5
2019-8-30 12:18:27 :: 5
2019-8-30 12:18:27 :: 5
2019-8-30 12:18:27 :: 5
2019-8-30 12:18:27 :: 5
2019-8-30 12:18:27 :: 5
2019-8-30 12:18:27 :: 5
2019-8-30 12:18:27 :: 5
2019-8-30 12:18:27 :: 5
2019-8-30 12:18:27 :: 5
2019-8-30 12:18:27 :: 5
2019-8-30 12:18:27 :: 5
2019-8-30 12:18:27 :: 5
2019-8-30 12:18:27 :: 5
2019-8-30 12:18:27 :: 5
2019-8-30 12:18:27 :: 5
2019-8-30 12:18:27 :: 5
2019-8-30 12:18:27 :: 5
2019-8-30 12:18:27 :: 5
2019-8-30 12:18:27 :: 5
2019-8-30 12:18:28 :: 5
2019-8-30 12:19:9 :: 7
2019-8-30 12:19:9 :: 7
2019-8-30 12:19:9 :: 7
